<?xml version="1.0" encoding="UTF-8"?>
<!-- Generated by org.testng.reporters.JUnitReportReporter -->
<testsuite skipped="0" hostname="DESKTOP-NFGNPNE" name="org.com.DataPro" tests="2" failures="0" timestamp="10 Jun 2022 08:09:24 GMT" time="11.887" errors="0">
  <testcase name="tc0" time="6.662" classname="org.com.DataPro"/>
  <testcase name="tc0" time="5.225" classname="org.com.DataPro"/>
</testsuite> <!-- org.com.DataPro -->
